<?xml version="1.0" encoding="UTF-8"?>
<!-- Generated by org.testng.reporters.JUnitReportReporter -->
<testsuite skipped="0" hostname="BHANU-LAPTOP" name="script.ValidLogin" tests="2" failures="0" timestamp="05 Aug 2021 08:00:20 GMT" time="23.465" errors="0">
  <testcase name="testValidLogin" time="12.373" classname="script.ValidLogin"/>
  <testcase name="testValidLogin" time="11.092" classname="script.ValidLogin"/>
</testsuite> <!-- script.ValidLogin -->
