<?xml version="1.0" encoding="UTF-8"?>
<!-- Generated by org.testng.reporters.JUnitReportReporter -->
<testsuite skipped="0" hostname="BHANU-LAPTOP" name="generic.T2" tests="1" failures="0" timestamp="25 Jul 2021 06:56:54 GMT" time="0.007" errors="0">
  <testcase name="TestB" time="0.007" classname="generic.T2"/>
</testsuite> <!-- generic.T2 -->
