<?xml version="1.0" encoding="UTF-8"?>
<!-- Generated by org.testng.reporters.JUnitReportReporter -->
<testsuite skipped="0" hostname="BHANU-LAPTOP" name="generic.T1" tests="1" failures="0" timestamp="25 Jul 2021 06:56:54 GMT" time="0.100" errors="0">
  <testcase name="TestA" time="0.100" classname="generic.T1"/>
</testsuite> <!-- generic.T1 -->
