<?xml version="1.0" encoding="UTF-8"?>
<!-- Generated by org.testng.reporters.JUnitReportReporter -->
<testsuite skipped="0" hostname="BHANU-LAPTOP" name="deletethis.Demo8" tests="1" failures="0" timestamp="01 Aug 2021 10:02:35 GMT" time="0.008" errors="0">
  <testcase name="testA" time="0.008" classname="deletethis.Demo8"/>
</testsuite> <!-- deletethis.Demo8 -->
