<?xml version="1.0" encoding="UTF-8"?>
<!-- Generated by org.testng.reporters.JUnitReportReporter -->
<testsuite skipped="0" hostname="BHANU-LAPTOP" name="deletethis.Demo1" tests="1" failures="0" timestamp="25 Jul 2021 06:11:24 GMT" time="1.767" errors="0">
  <testcase name="m1" time="1.767" classname="deletethis.Demo1"/>
</testsuite> <!-- deletethis.Demo1 -->
