<?xml version="1.0" encoding="UTF-8"?>
<!-- Generated by org.testng.reporters.JUnitReportReporter -->
<testsuite skipped="0" hostname="BHANU-LAPTOP" name="deletethis.Demo4" tests="2" failures="0" timestamp="25 Jul 2021 08:24:23 GMT" time="0.014" errors="0">
  <testcase name="testB" time="0.011" classname="deletethis.Demo4"/>
  <testcase name="testA" time="0.003" classname="deletethis.Demo4"/>
</testsuite> <!-- deletethis.Demo4 -->
