<?xml version="1.0" encoding="UTF-8"?>
<!-- Generated by org.testng.reporters.JUnitReportReporter -->
<testsuite hostname="BHANU-LAPTOP" failures="0" tests="4" name="script.ValidLogin" time="87.818" errors="0" timestamp="08 Aug 2021 06:01:35 GMT" skipped="0">
  <testcase classname="script.ValidLogin" name="testValidLogin" time="17.205"/>
  <testcase classname="script.ValidLogin" name="testValidLogin" time="29.325"/>
  <testcase classname="script.ValidLogin" name="testValidLogin" time="21.291"/>
  <testcase classname="script.ValidLogin" name="testValidLogin" time="19.997"/>
</testsuite> <!-- script.ValidLogin -->
